
=== Thu Mar  3 21:40:04 2022

Packages were changed.
Update Mode: mergeDefaultDependencies

The following packages were added:
  com.unity.ext.nunit@1.0.0
  com.unity.test-framework@1.0.13
  com.unity.ide.vscode@1.0.7
  com.unity.ide.visualstudio@1.0.11
  com.unity.ide.rider@1.0.8
  com.unity.ugui@1.0.0
  com.unity.modules.androidjni@1.0.0
The following packages were updated:
  com.unity.collab-proxy from version 1.2.9 to 1.2.16
  com.unity.textmeshpro from version 2.0.0 to 2.0.1
  com.unity.timeline from version 0.0.0-builtin to 1.1.0

=== Sun Mar 27 16:54:46 2022

Packages were changed.
Update Mode: updateDependencies

The following packages were updated:
  com.unity.collab-proxy from version 1.2.16 to 1.5.7
  com.unity.ext.nunit from version 1.0.0 to 1.0.6
  com.unity.ide.rider from version 1.0.8 to 3.0.6
  com.unity.ide.visualstudio from version 1.0.11 to 2.0.8
  com.unity.ide.vscode from version 1.0.7 to 1.2.3
  com.unity.test-framework from version 1.0.13 to 1.1.24
  com.unity.textmeshpro from version 2.0.1 to 3.0.6
  com.unity.timeline from version 1.1.0 to 1.5.5

=== Mon Mar 28 12:51:10 2022

Packages were changed.
Update Mode: updateDependencies

The following packages were updated:
  com.unity.collab-proxy from version 1.5.7 to 1.15.13
  com.unity.ide.rider from version 3.0.6 to 3.0.12
  com.unity.ide.visualstudio from version 2.0.8 to 2.0.14
  com.unity.ide.vscode from version 1.2.3 to 1.2.5
  com.unity.render-pipelines.universal from version 11.0.0 to 12.1.6
  com.unity.test-framework from version 1.1.24 to 1.1.31
  com.unity.timeline from version 1.5.5 to 1.6.4

=== Tue Apr 19 19:22:56 2022

Packages were changed.
Update Mode: resetToDefaultDependencies

The following packages were added:
  com.unity.visualscripting@1.6.1
The following packages were updated:
  com.unity.collab-proxy from version 1.15.13 to 1.5.7
  com.unity.ide.rider from version 3.0.12 to 3.0.6
  com.unity.ide.visualstudio from version 2.0.14 to 2.0.8
  com.unity.ide.vscode from version 1.2.5 to 1.2.3
  com.unity.test-framework from version 1.1.31 to 1.1.24
  com.unity.timeline from version 1.6.4 to 1.5.5
The following packages were removed:
  com.unity.2d.sprite@1.0.0
  com.unity.2d.tilemap@1.0.0
  com.unity.ext.nunit@1.0.6
  com.unity.render-pipelines.universal@12.1.6
  com.unity.shadergraph@11.0.0
